{"/Users/anisurrahman/Local Sites/playground/app/public/wp-content/plugins/ar-back-to-top/src/back-to-top.js": {"path":"/Users/anisurrahman/Local Sites/playground/app/public/wp-content/plugins/ar-back-to-top/src/back-to-top.js","statementMap":{"0":{"start":{"line":8,"column":4},"end":{"line":8,"column":33}},"1":{"start":{"line":19,"column":23},"end":{"line":19,"column":44}},"2":{"start":{"line":20,"column":4},"end":{"line":20,"column":36}},"3":{"start":{"line":20,"column":27},"end":{"line":20,"column":36}},"4":{"start":{"line":21,"column":4},"end":{"line":21,"column":55}},"5":{"start":{"line":30,"column":16},"end":{"line":30,"column":48}},"6":{"start":{"line":31,"column":4},"end":{"line":31,"column":49}},"7":{"start":{"line":32,"column":4},"end":{"line":32,"column":42}},"8":{"start":{"line":33,"column":4},"end":{"line":33,"column":26}},"9":{"start":{"line":34,"column":4},"end":{"line":34,"column":15}}},"fnMap":{"0":{"name":"shouldShowButton","decl":{"start":{"line":7,"column":16},"end":{"line":7,"column":32}},"loc":{"start":{"line":7,"column":61},"end":{"line":9,"column":1}},"line":7},"1":{"name":"getScrollPercent","decl":{"start":{"line":18,"column":16},"end":{"line":18,"column":32}},"loc":{"start":{"line":18,"column":66},"end":{"line":22,"column":1}},"line":18},"2":{"name":"createButton","decl":{"start":{"line":29,"column":16},"end":{"line":29,"column":28}},"loc":{"start":{"line":29,"column":79},"end":{"line":35,"column":1}},"line":29}},"branchMap":{"0":{"loc":{"start":{"line":7,"column":44},"end":{"line":7,"column":59}},"type":"default-arg","locations":[{"start":{"line":7,"column":56},"end":{"line":7,"column":59}}],"line":7},"1":{"loc":{"start":{"line":20,"column":4},"end":{"line":20,"column":36}},"type":"if","locations":[{"start":{"line":20,"column":4},"end":{"line":20,"column":36}},{"start":{},"end":{}}],"line":20},"2":{"loc":{"start":{"line":29,"column":29},"end":{"line":29,"column":77}},"type":"default-arg","locations":[{"start":{"line":29,"column":75},"end":{"line":29,"column":77}}],"line":29},"3":{"loc":{"start":{"line":29,"column":30},"end":{"line":29,"column":51}},"type":"default-arg","locations":[{"start":{"line":29,"column":38},"end":{"line":29,"column":51}}],"line":29},"4":{"loc":{"start":{"line":29,"column":53},"end":{"line":29,"column":71}},"type":"default-arg","locations":[{"start":{"line":29,"column":64},"end":{"line":29,"column":71}}],"line":29}},"s":{"0":6,"1":6,"2":6,"3":2,"4":4,"5":7,"6":7,"7":7,"8":7,"9":7},"f":{"0":6,"1":6,"2":7},"b":{"0":[3],"1":[2,4],"2":[5],"3":[6],"4":[6]},"_coverageSchema":"1a1c01bbd47fc00a2c39e90264f33305004495a9","hash":"3d77731e2552242610f65e4c3f71b190e62ab5b0"}
}
